db/src/gen/.hdinamespace
db/src/gen/ROSETRACKERDATASERVICE_INCIDENTBC.hdbcds
db/src/gen/ROSETRACKERDATASERVICE_INCIDENTS.hdbcds
db/src/gen/ROSETRACKERDATASERVICE_ORDERDATAVIEW.hdbcds
db/src/gen/ROSETRACKERDATASERVICE_OWNER.hdbcds
db/src/gen/ROSETRACKERDATASERVICE_OWNERBC.hdbcds
db/src/gen/ROSETRACKERDATASERVICE_PACKAGE.hdbcds
db/src/gen/ROSETRACKERDATASERVICE_PACKAGEDELIVERYSTATUS.hdbcds
db/src/gen/ROSETRACKERDATASERVICE_PACKAGEVIEW.hdbcds
db/src/gen/ROSETRACKERDATASERVICE_PACKAGEWITHINICDENTSTATUS.hdbcds
db/src/gen/ROSETRACKERDATASERVICE_PACKOWNER.hdbcds
db/src/gen/ROSETRACKERDATASERVICE_ROSE.hdbcds
db/src/gen/ROSETRACKERDATASERVICE_ROSE_OWNER.hdbcds
db/src/gen/ROSETRACKERDATASERVICE_SENSORINPUT.hdbcds
db/src/gen/ROSETRACKERDATASERVICE_TRACKINGVIEW.hdbcds
db/src/gen/ROSETRACKERDATASERVICE_TRACPACK.hdbcds
db/src/gen/ROSETRACKER_DATABASE_DUMMYENTITIES_INCIDENTBC.hdbcds
db/src/gen/ROSETRACKER_DATABASE_DUMMYENTITIES_OWNERBC.hdbcds
db/src/gen/ROSETRACKER_DATABASE_ENTITIES_OWNER.hdbcds
db/src/gen/ROSETRACKER_DATABASE_ENTITIES_PACKAGE.hdbcds
db/src/gen/ROSETRACKER_DATABASE_ENTITIES_ROSE.hdbcds
db/src/gen/ROSETRACKER_DATABASE_ENTITIES_ROSE_OWNER.hdbcds
db/src/gen/ROSETRACKER_DATABASE_ENTITIES_SENSORINPUT.hdbcds
db/src/gen/ROSETRACKER_DATABASE_VIEWS_INCIDENTS.hdbcds
db/src/gen/ROSETRACKER_DATABASE_VIEWS_ORDERDATAVIEW.hdbcds
db/src/gen/ROSETRACKER_DATABASE_VIEWS_ORDERDATAVIEWALL.hdbcds
db/src/gen/ROSETRACKER_DATABASE_VIEWS_PACKAGEDELIVERYSTATUS.hdbcds
db/src/gen/ROSETRACKER_DATABASE_VIEWS_PACKAGEVIEW.hdbcds
db/src/gen/ROSETRACKER_DATABASE_VIEWS_PACKAGEWITHINICDENTSTATUS.hdbcds
db/src/gen/ROSETRACKER_DATABASE_VIEWS_PACKOWNER.hdbcds
db/src/gen/ROSETRACKER_DATABASE_VIEWS_TRACKINGVIEW.hdbcds
db/src/gen/ROSETRACKER_DATABASE_VIEWS_TRACPACK.hdbcds
srv/src/main/resources/edmx/RoseTrackerDataService.xml
srv/src/main/resources/edmx/csn.json